<?xml version="1.0" encoding="UTF-8"?>
<testng-results ignored="0" total="1" passed="1" failed="0" skipped="0">
  <reporter-output>
  </reporter-output>
  <suite started-at="2023-03-01T09:07:48 IST" name="Default suite" finished-at="2023-03-01T09:07:51 IST" duration-ms="3938">
    <groups>
    </groups>
    <test started-at="2023-03-01T09:07:48 IST" name="Default test" finished-at="2023-03-01T09:07:51 IST" duration-ms="3938">
      <class name="basics.Resources">
        <test-method signature="getListOfUsers()[pri:0, instance:basics.Resources@4a7f959b]" started-at="2023-03-01T09:07:48 IST" name="getListOfUsers" finished-at="2023-03-01T09:07:51 IST" duration-ms="3811" status="PASS">
          <reporter-output>
          </reporter-output>
        </test-method> <!-- getListOfUsers -->
      </class> <!-- basics.Resources -->
    </test> <!-- Default test -->
  </suite> <!-- Default suite -->
</testng-results>
